<?xml version="1.0" encoding="UTF-8"?>
<!-- Generated by org.testng.reporters.JUnitReportReporter -->
<testsuite hostname="IN-2Z171X2" failures="0" tests="1" name="food.LaunchingBurger_Test" time="14.433" errors="0" timestamp="2024-05-22T16:06:13 IST" skipped="0">
  <testcase classname="food.LaunchingBurger_Test" name="Burger" time="14.433"/>
  <system-out/>
</testsuite> <!-- food.LaunchingBurger_Test -->
